<?xml version="1.0" encoding="UTF-8"?>
<testsuite name="me.freelec.book.springboot.domain.posts.PostsRepositoryTest" tests="2" skipped="0" failures="0" errors="0" timestamp="2020-01-17T16:03:02" hostname="DESKTOP-5TJQQ98" time="0.204">
  <properties/>
  <testcase name="게시글저장_불러오기" classname="me.freelec.book.springboot.domain.posts.PostsRepositoryTest" time="0.195"/>
  <testcase name="BaseTimeEntity_등록" classname="me.freelec.book.springboot.domain.posts.PostsRepositoryTest" time="0.008"/>
  <system-out><![CDATA[2020-01-18 01:02:57.799  INFO 17256 --- [    Test worker] .b.t.c.SpringBootTestContextBootstrapper : Neither @ContextConfiguration nor @ContextHierarchy found for test class [me.freelec.book.springboot.domain.posts.PostsRepositoryTest], using SpringBootContextLoader
2020-01-18 01:02:57.800  INFO 17256 --- [    Test worker] o.s.t.c.support.AbstractContextLoader    : Could not detect default resource locations for test class [me.freelec.book.springboot.domain.posts.PostsRepositoryTest]: no resource found for suffixes {-context.xml, Context.groovy}.
2020-01-18 01:02:57.800  INFO 17256 --- [    Test worker] t.c.s.AnnotationConfigContextLoaderUtils : Could not detect default configuration classes for test class [me.freelec.book.springboot.domain.posts.PostsRepositoryTest]: PostsRepositoryTest does not declare any static, non-private, non-final, nested classes annotated with @Configuration.
2020-01-18 01:02:57.810  INFO 17256 --- [    Test worker] .b.t.c.SpringBootTestContextBootstrapper : Found @SpringBootConfiguration me.freelec.book.springboot.Application for test class me.freelec.book.springboot.domain.posts.PostsRepositoryTest
2020-01-18 01:02:57.812  INFO 17256 --- [    Test worker] .b.t.c.SpringBootTestContextBootstrapper : Loaded default TestExecutionListener class names from location [META-INF/spring.factories]: [org.springframework.security.test.context.support.WithSecurityContextTestExecutionListener, org.springframework.security.test.context.support.ReactorContextTestExecutionListener, org.springframework.boot.test.autoconfigure.restdocs.RestDocsTestExecutionListener, org.springframework.boot.test.autoconfigure.web.client.MockRestServiceServerResetTestExecutionListener, org.springframework.boot.test.autoconfigure.web.servlet.MockMvcPrintOnlyOnFailureTestExecutionListener, org.springframework.boot.test.autoconfigure.web.servlet.WebDriverTestExecutionListener, org.springframework.boot.test.mock.mockito.MockitoTestExecutionListener, org.springframework.boot.test.mock.mockito.ResetMocksTestExecutionListener, org.springframework.test.context.web.ServletTestExecutionListener, org.springframework.test.context.support.DirtiesContextBeforeModesTestExecutionListener, org.springframework.test.context.support.DependencyInjectionTestExecutionListener, org.springframework.test.context.support.DirtiesContextTestExecutionListener, org.springframework.test.context.transaction.TransactionalTestExecutionListener, org.springframework.test.context.jdbc.SqlScriptsTestExecutionListener]
2020-01-18 01:02:57.813  INFO 17256 --- [    Test worker] .b.t.c.SpringBootTestContextBootstrapper : Using TestExecutionListeners: [org.springframework.test.context.web.ServletTestExecutionListener@7710c05a, org.springframework.test.context.support.DirtiesContextBeforeModesTestExecutionListener@139ee9e8, org.springframework.boot.test.mock.mockito.MockitoTestExecutionListener@3af166b9, org.springframework.boot.test.autoconfigure.SpringBootDependencyInjectionTestExecutionListener@7dd25eca, org.springframework.test.context.support.DirtiesContextTestExecutionListener@c31433a, org.springframework.test.context.transaction.TransactionalTestExecutionListener@68843afd, org.springframework.test.context.jdbc.SqlScriptsTestExecutionListener@59f15dfa, org.springframework.security.test.context.support.WithSecurityContextTestExecutionListener@36ba6c00, org.springframework.security.test.context.support.ReactorContextTestExecutionListener@3014c17e, org.springframework.boot.test.autoconfigure.restdocs.RestDocsTestExecutionListener@790e4653, org.springframework.boot.test.autoconfigure.web.client.MockRestServiceServerResetTestExecutionListener@2a43da05, org.springframework.boot.test.autoconfigure.web.servlet.MockMvcPrintOnlyOnFailureTestExecutionListener@4ffc6921, org.springframework.boot.test.autoconfigure.web.servlet.WebDriverTestExecutionListener@59754e91, org.springframework.boot.test.mock.mockito.ResetMocksTestExecutionListener@5242b732]

  .   ____          _            __ _ _
 /\\ / ___'_ __ _ _(_)_ __  __ _ \ \ \ \
( ( )\___ | '_ | '_| | '_ \/ _` | \ \ \ \
 \\/  ___)| |_)| | | | | || (_| |  ) ) ) )
  '  |____| .__|_| |_|_| |_\__, | / / / /
 =========|_|==============|___/=/_/_/_/
 :: Spring Boot ::        (v2.1.7.RELEASE)

2020-01-18 01:02:57.858  INFO 17256 --- [    Test worker] m.f.b.s.d.posts.PostsRepositoryTest      : Starting PostsRepositoryTest on DESKTOP-5TJQQ98 with PID 17256 (started by JinwooJung in C:\Users\JinwooJung\IdeaProjects\freelec-book)
2020-01-18 01:02:57.858  INFO 17256 --- [    Test worker] m.f.b.s.d.posts.PostsRepositoryTest      : The following profiles are active: oauth
2020-01-18 01:02:58.277  INFO 17256 --- [    Test worker] .s.d.r.c.RepositoryConfigurationDelegate : Bootstrapping Spring Data repositories in DEFAULT mode.
2020-01-18 01:02:58.360  INFO 17256 --- [    Test worker] .s.d.r.c.RepositoryConfigurationDelegate : Finished Spring Data repository scanning in 74ms. Found 2 repository interfaces.
2020-01-18 01:02:58.625  INFO 17256 --- [    Test worker] trationDelegate$BeanPostProcessorChecker : Bean 'org.springframework.transaction.annotation.ProxyTransactionManagementConfiguration' of type [org.springframework.transaction.annotation.ProxyTransactionManagementConfiguration$$EnhancerBySpringCGLIB$$6f85185f] is not eligible for getting processed by all BeanPostProcessors (for example: not eligible for auto-proxying)
2020-01-18 01:02:58.796  INFO 17256 --- [    Test worker] com.zaxxer.hikari.HikariDataSource       : HikariPool-1 - Starting...
2020-01-18 01:02:58.986  INFO 17256 --- [    Test worker] com.zaxxer.hikari.HikariDataSource       : HikariPool-1 - Start completed.
2020-01-18 01:02:59.081  INFO 17256 --- [    Test worker] o.hibernate.jpa.internal.util.LogHelper  : HHH000204: Processing PersistenceUnitInfo [
	name: default
	...]
2020-01-18 01:02:59.183  INFO 17256 --- [    Test worker] org.hibernate.Version                    : HHH000412: Hibernate Core {5.3.10.Final}
2020-01-18 01:02:59.185  INFO 17256 --- [    Test worker] org.hibernate.cfg.Environment            : HHH000206: hibernate.properties not found
2020-01-18 01:02:59.264  INFO 17256 --- [    Test worker] o.hibernate.annotations.common.Version   : HCANN000001: Hibernate Commons Annotations {5.0.4.Final}
2020-01-18 01:02:59.478  INFO 17256 --- [    Test worker] org.hibernate.dialect.Dialect            : HHH000400: Using dialect: org.hibernate.dialect.MySQL5InnoDBDialect
Hibernate: drop table if exists posts
Hibernate: drop table if exists user
Hibernate: create table posts (id bigint not null auto_increment, created_date datetime, modified_date datetime, author varchar(255), content TEXT not null, title varchar(500) not null, primary key (id)) engine=InnoDB
Hibernate: create table user (id bigint not null auto_increment, created_date datetime, modified_date datetime, email varchar(255) not null, name varchar(255) not null, picture varchar(255), role varchar(255) not null, primary key (id)) engine=InnoDB
2020-01-18 01:03:00.466  INFO 17256 --- [    Test worker] o.h.t.schema.internal.SchemaCreatorImpl  : HHH000476: Executing import script 'org.hibernate.tool.schema.internal.exec.ScriptSourceInputNonExistentImpl@664f1002'
2020-01-18 01:03:00.471  INFO 17256 --- [    Test worker] j.LocalContainerEntityManagerFactoryBean : Initialized JPA EntityManagerFactory for persistence unit 'default'
2020-01-18 01:03:01.035  INFO 17256 --- [    Test worker] o.h.h.i.QueryTranslatorFactoryInitiator  : HHH000397: Using ASTQueryTranslatorFactory
2020-01-18 01:03:01.406  INFO 17256 --- [    Test worker] o.s.s.web.DefaultSecurityFilterChain     : Creating filter chain: any request, [org.springframework.security.web.context.request.async.WebAsyncManagerIntegrationFilter@7d1dae93, org.springframework.security.web.context.SecurityContextPersistenceFilter@6029075e, org.springframework.security.web.header.HeaderWriterFilter@62671b46, org.springframework.security.web.authentication.logout.LogoutFilter@48d512c4, org.springframework.security.oauth2.client.web.OAuth2AuthorizationRequestRedirectFilter@20f8788b, org.springframework.security.oauth2.client.web.OAuth2LoginAuthenticationFilter@66aa87e2, org.springframework.security.web.authentication.ui.DefaultLoginPageGeneratingFilter@606efa60, org.springframework.security.web.authentication.ui.DefaultLogoutPageGeneratingFilter@6c23a88c, org.springframework.security.web.savedrequest.RequestCacheAwareFilter@4391f282, org.springframework.security.web.servletapi.SecurityContextHolderAwareRequestFilter@19767c9d, org.springframework.security.web.authentication.AnonymousAuthenticationFilter@5e84b77d, org.springframework.security.web.session.SessionManagementFilter@5b844ca7, org.springframework.security.web.access.ExceptionTranslationFilter@52ce2aab, org.springframework.security.web.access.intercept.FilterSecurityInterceptor@5d966299]
2020-01-18 01:03:01.823  INFO 17256 --- [    Test worker] o.s.s.concurrent.ThreadPoolTaskExecutor  : Initializing ExecutorService 'applicationTaskExecutor'
2020-01-18 01:03:01.843  WARN 17256 --- [    Test worker] aWebConfiguration$JpaWebMvcConfiguration : spring.jpa.open-in-view is enabled by default. Therefore, database queries may be performed during view rendering. Explicitly configure spring.jpa.open-in-view to disable this warning
2020-01-18 01:03:01.880  INFO 17256 --- [    Test worker] o.s.b.a.w.s.WelcomePageHandlerMapping    : Adding welcome page template: index
2020-01-18 01:03:02.403  INFO 17256 --- [    Test worker] s.a.ScheduledAnnotationBeanPostProcessor : No TaskScheduler/ScheduledExecutorService bean found for scheduled processing
2020-01-18 01:03:02.411  INFO 17256 --- [    Test worker] m.f.b.s.d.posts.PostsRepositoryTest      : Started PostsRepositoryTest in 4.596 seconds (JVM running for 9.16)
Hibernate: insert into posts (created_date, modified_date, author, content, title) values (?, ?, ?, ?, ?)
Hibernate: select posts0_.id as id1_0_, posts0_.created_date as created_2_0_, posts0_.modified_date as modified3_0_, posts0_.author as author4_0_, posts0_.content as content5_0_, posts0_.title as title6_0_ from posts posts0_
Hibernate: select posts0_.id as id1_0_, posts0_.created_date as created_2_0_, posts0_.modified_date as modified3_0_, posts0_.author as author4_0_, posts0_.content as content5_0_, posts0_.title as title6_0_ from posts posts0_
Hibernate: delete from posts where id=?
Hibernate: insert into posts (created_date, modified_date, author, content, title) values (?, ?, ?, ?, ?)
Hibernate: select posts0_.id as id1_0_, posts0_.created_date as created_2_0_, posts0_.modified_date as modified3_0_, posts0_.author as author4_0_, posts0_.content as content5_0_, posts0_.title as title6_0_ from posts posts0_
asdasdasd2020-01-18T01:03:02.613
>>>>>>>>>>createDate=2020-01-18T01:03:02.613,modifiedDate=2020-01-18T01:03:02.613
Hibernate: select posts0_.id as id1_0_, posts0_.created_date as created_2_0_, posts0_.modified_date as modified3_0_, posts0_.author as author4_0_, posts0_.content as content5_0_, posts0_.title as title6_0_ from posts posts0_
Hibernate: delete from posts where id=?
]]></system-out>
  <system-err><![CDATA[]]></system-err>
</testsuite>
