<?xml version="1.0" encoding="UTF-8"?>
<testsuite name="me.freelec.book.springboot.web.IndexControllerTest" tests="1" skipped="0" failures="0" errors="0" timestamp="2020-01-17T16:03:04" hostname="DESKTOP-5TJQQ98" time="0.184">
  <properties/>
  <testcase name="메인페이지_로딩" classname="me.freelec.book.springboot.web.IndexControllerTest" time="0.184"/>
  <system-out><![CDATA[2020-01-18 01:03:02.628  INFO 17256 --- [    Test worker] .b.t.c.SpringBootTestContextBootstrapper : Neither @ContextConfiguration nor @ContextHierarchy found for test class [me.freelec.book.springboot.web.IndexControllerTest], using SpringBootContextLoader
2020-01-18 01:03:02.629  INFO 17256 --- [    Test worker] o.s.t.c.support.AbstractContextLoader    : Could not detect default resource locations for test class [me.freelec.book.springboot.web.IndexControllerTest]: no resource found for suffixes {-context.xml, Context.groovy}.
2020-01-18 01:03:02.629  INFO 17256 --- [    Test worker] t.c.s.AnnotationConfigContextLoaderUtils : Could not detect default configuration classes for test class [me.freelec.book.springboot.web.IndexControllerTest]: IndexControllerTest does not declare any static, non-private, non-final, nested classes annotated with @Configuration.
2020-01-18 01:03:02.631  INFO 17256 --- [    Test worker] .b.t.c.SpringBootTestContextBootstrapper : Found @SpringBootConfiguration me.freelec.book.springboot.Application for test class me.freelec.book.springboot.web.IndexControllerTest
2020-01-18 01:03:02.632  INFO 17256 --- [    Test worker] .b.t.c.SpringBootTestContextBootstrapper : Loaded default TestExecutionListener class names from location [META-INF/spring.factories]: [org.springframework.security.test.context.support.WithSecurityContextTestExecutionListener, org.springframework.security.test.context.support.ReactorContextTestExecutionListener, org.springframework.boot.test.autoconfigure.restdocs.RestDocsTestExecutionListener, org.springframework.boot.test.autoconfigure.web.client.MockRestServiceServerResetTestExecutionListener, org.springframework.boot.test.autoconfigure.web.servlet.MockMvcPrintOnlyOnFailureTestExecutionListener, org.springframework.boot.test.autoconfigure.web.servlet.WebDriverTestExecutionListener, org.springframework.boot.test.mock.mockito.MockitoTestExecutionListener, org.springframework.boot.test.mock.mockito.ResetMocksTestExecutionListener, org.springframework.test.context.web.ServletTestExecutionListener, org.springframework.test.context.support.DirtiesContextBeforeModesTestExecutionListener, org.springframework.test.context.support.DependencyInjectionTestExecutionListener, org.springframework.test.context.support.DirtiesContextTestExecutionListener, org.springframework.test.context.transaction.TransactionalTestExecutionListener, org.springframework.test.context.jdbc.SqlScriptsTestExecutionListener]
2020-01-18 01:03:02.633  INFO 17256 --- [    Test worker] .b.t.c.SpringBootTestContextBootstrapper : Using TestExecutionListeners: [org.springframework.test.context.web.ServletTestExecutionListener@3a43298f, org.springframework.test.context.support.DirtiesContextBeforeModesTestExecutionListener@4511941, org.springframework.boot.test.mock.mockito.MockitoTestExecutionListener@46d2b38a, org.springframework.boot.test.autoconfigure.SpringBootDependencyInjectionTestExecutionListener@1fadd89f, org.springframework.test.context.support.DirtiesContextTestExecutionListener@3c0195b4, org.springframework.test.context.transaction.TransactionalTestExecutionListener@30961864, org.springframework.test.context.jdbc.SqlScriptsTestExecutionListener@638bb31f, org.springframework.security.test.context.support.WithSecurityContextTestExecutionListener@1213f6d1, org.springframework.security.test.context.support.ReactorContextTestExecutionListener@228f7d12, org.springframework.boot.test.autoconfigure.restdocs.RestDocsTestExecutionListener@225a041f, org.springframework.boot.test.autoconfigure.web.client.MockRestServiceServerResetTestExecutionListener@1c775800, org.springframework.boot.test.autoconfigure.web.servlet.MockMvcPrintOnlyOnFailureTestExecutionListener@11df8021, org.springframework.boot.test.autoconfigure.web.servlet.WebDriverTestExecutionListener@486108e5, org.springframework.boot.test.mock.mockito.ResetMocksTestExecutionListener@3ae9970a]

  .   ____          _            __ _ _
 /\\ / ___'_ __ _ _(_)_ __  __ _ \ \ \ \
( ( )\___ | '_ | '_| | '_ \/ _` | \ \ \ \
 \\/  ___)| |_)| | | | | || (_| |  ) ) ) )
  '  |____| .__|_| |_|_| |_\__, | / / / /
 =========|_|==============|___/=/_/_/_/
 :: Spring Boot ::        (v2.1.7.RELEASE)

2020-01-18 01:03:02.684  INFO 17256 --- [    Test worker] m.f.b.s.web.IndexControllerTest          : Starting IndexControllerTest on DESKTOP-5TJQQ98 with PID 17256 (started by JinwooJung in C:\Users\JinwooJung\IdeaProjects\freelec-book)
2020-01-18 01:03:02.684  INFO 17256 --- [    Test worker] m.f.b.s.web.IndexControllerTest          : The following profiles are active: oauth
2020-01-18 01:03:02.910  INFO 17256 --- [    Test worker] .s.d.r.c.RepositoryConfigurationDelegate : Bootstrapping Spring Data repositories in DEFAULT mode.
2020-01-18 01:03:02.937  INFO 17256 --- [    Test worker] .s.d.r.c.RepositoryConfigurationDelegate : Finished Spring Data repository scanning in 27ms. Found 2 repository interfaces.
2020-01-18 01:03:03.037  INFO 17256 --- [    Test worker] trationDelegate$BeanPostProcessorChecker : Bean 'org.springframework.transaction.annotation.ProxyTransactionManagementConfiguration' of type [org.springframework.transaction.annotation.ProxyTransactionManagementConfiguration$$EnhancerBySpringCGLIB$$6f85185f] is not eligible for getting processed by all BeanPostProcessors (for example: not eligible for auto-proxying)
2020-01-18 01:03:03.289  INFO 17256 --- [    Test worker] o.s.b.w.embedded.tomcat.TomcatWebServer  : Tomcat initialized with port(s): 0 (http)
2020-01-18 01:03:03.317  INFO 17256 --- [    Test worker] o.apache.catalina.core.StandardService   : Starting service [Tomcat]
2020-01-18 01:03:03.317  INFO 17256 --- [    Test worker] org.apache.catalina.core.StandardEngine  : Starting Servlet engine: [Apache Tomcat/9.0.22]
2020-01-18 01:03:03.477  INFO 17256 --- [    Test worker] o.a.c.c.C.[Tomcat].[localhost].[/]       : Initializing Spring embedded WebApplicationContext
2020-01-18 01:03:03.477  INFO 17256 --- [    Test worker] o.s.web.context.ContextLoader            : Root WebApplicationContext: initialization completed in 790 ms
2020-01-18 01:03:03.650  INFO 17256 --- [    Test worker] com.zaxxer.hikari.HikariDataSource       : HikariPool-2 - Starting...
2020-01-18 01:03:03.651  INFO 17256 --- [    Test worker] com.zaxxer.hikari.HikariDataSource       : HikariPool-2 - Start completed.
2020-01-18 01:03:03.689  INFO 17256 --- [    Test worker] o.hibernate.jpa.internal.util.LogHelper  : HHH000204: Processing PersistenceUnitInfo [
	name: default
	...]
2020-01-18 01:03:03.701  INFO 17256 --- [    Test worker] org.hibernate.dialect.Dialect            : HHH000400: Using dialect: org.hibernate.dialect.MySQL5InnoDBDialect
Hibernate: drop table if exists posts
Hibernate: drop table if exists user
Hibernate: create table posts (id bigint not null auto_increment, created_date datetime, modified_date datetime, author varchar(255), content TEXT not null, title varchar(500) not null, primary key (id)) engine=InnoDB
Hibernate: create table user (id bigint not null auto_increment, created_date datetime, modified_date datetime, email varchar(255) not null, name varchar(255) not null, picture varchar(255), role varchar(255) not null, primary key (id)) engine=InnoDB
2020-01-18 01:03:03.755  INFO 17256 --- [    Test worker] o.h.t.schema.internal.SchemaCreatorImpl  : HHH000476: Executing import script 'org.hibernate.tool.schema.internal.exec.ScriptSourceInputNonExistentImpl@664f1002'
2020-01-18 01:03:03.755  INFO 17256 --- [    Test worker] j.LocalContainerEntityManagerFactoryBean : Initialized JPA EntityManagerFactory for persistence unit 'default'
2020-01-18 01:03:04.109  INFO 17256 --- [    Test worker] o.h.h.i.QueryTranslatorFactoryInitiator  : HHH000397: Using ASTQueryTranslatorFactory
2020-01-18 01:03:04.282  INFO 17256 --- [    Test worker] o.s.s.web.DefaultSecurityFilterChain     : Creating filter chain: any request, [org.springframework.security.web.context.request.async.WebAsyncManagerIntegrationFilter@6c21f47a, org.springframework.security.web.context.SecurityContextPersistenceFilter@2d69f30b, org.springframework.security.web.header.HeaderWriterFilter@4600c315, org.springframework.security.web.authentication.logout.LogoutFilter@6f48a17f, org.springframework.security.oauth2.client.web.OAuth2AuthorizationRequestRedirectFilter@48bb24a2, org.springframework.security.oauth2.client.web.OAuth2LoginAuthenticationFilter@6e18cd55, org.springframework.security.web.authentication.ui.DefaultLoginPageGeneratingFilter@ddbea64, org.springframework.security.web.authentication.ui.DefaultLogoutPageGeneratingFilter@1207ff2c, org.springframework.security.web.savedrequest.RequestCacheAwareFilter@5022957e, org.springframework.security.web.servletapi.SecurityContextHolderAwareRequestFilter@10fafc04, org.springframework.security.web.authentication.AnonymousAuthenticationFilter@30857fa, org.springframework.security.web.session.SessionManagementFilter@4d3a10d7, org.springframework.security.web.access.ExceptionTranslationFilter@85ebd0d, org.springframework.security.web.access.intercept.FilterSecurityInterceptor@3fa82e1c]
2020-01-18 01:03:04.491  INFO 17256 --- [    Test worker] o.s.s.concurrent.ThreadPoolTaskExecutor  : Initializing ExecutorService 'applicationTaskExecutor'
2020-01-18 01:03:04.504  WARN 17256 --- [    Test worker] aWebConfiguration$JpaWebMvcConfiguration : spring.jpa.open-in-view is enabled by default. Therefore, database queries may be performed during view rendering. Explicitly configure spring.jpa.open-in-view to disable this warning
2020-01-18 01:03:04.533  INFO 17256 --- [    Test worker] o.s.b.a.w.s.WelcomePageHandlerMapping    : Adding welcome page template: index
2020-01-18 01:03:04.827  INFO 17256 --- [    Test worker] s.a.ScheduledAnnotationBeanPostProcessor : No TaskScheduler/ScheduledExecutorService bean found for scheduled processing
2020-01-18 01:03:04.848  INFO 17256 --- [    Test worker] o.s.b.w.embedded.tomcat.TomcatWebServer  : Tomcat started on port(s): 61401 (http) with context path ''
2020-01-18 01:03:04.849  INFO 17256 --- [    Test worker] m.f.b.s.web.IndexControllerTest          : Started IndexControllerTest in 2.214 seconds (JVM running for 11.598)
2020-01-18 01:03:04.942  INFO 17256 --- [o-auto-1-exec-1] o.a.c.c.C.[Tomcat].[localhost].[/]       : Initializing Spring DispatcherServlet 'dispatcherServlet'
2020-01-18 01:03:04.942  INFO 17256 --- [o-auto-1-exec-1] o.s.web.servlet.DispatcherServlet        : Initializing Servlet 'dispatcherServlet'
2020-01-18 01:03:04.961  INFO 17256 --- [o-auto-1-exec-1] o.s.web.servlet.DispatcherServlet        : Completed initialization in 19 ms
Hibernate: select posts0_.id as id1_0_, posts0_.created_date as created_2_0_, posts0_.modified_date as modified3_0_, posts0_.author as author4_0_, posts0_.content as content5_0_, posts0_.title as title6_0_ from posts posts0_ order by posts0_.id DESC
]]></system-out>
  <system-err><![CDATA[]]></system-err>
</testsuite>
